2019-08-15 09:42:56.367  INFO 34836 --- [Thread-14] ConfigServletWebServerApplicationContext : Closing org.springframework.boot.web.servlet.context.AnnotationConfigServletWebServerApplicationContext@71812481: startup date [Wed Aug 14 16:19:36 CST 2019]; root of context hierarchy
2019-08-15 09:42:56.808  INFO 34836 --- [Thread-14] o.s.j.e.a.AnnotationMBeanExporter        : Unregistering JMX-exposed beans on shutdown
2019-08-15 09:42:56.816  INFO 34836 --- [Thread-14] o.s.j.e.a.AnnotationMBeanExporter        : Unregistering JMX-exposed beans
2019-08-15 09:42:56.863  INFO 34836 --- [Thread-14] com.alibaba.druid.pool.DruidDataSource   : {dataSource-1} closed
2019-08-15 09:43:09.527  INFO 12920 --- [main] com.wxmp.SmartwxBootApplication          : Starting SmartwxBootApplication on XTZ-20190216ZPH with PID 12920 (C:\Users\Administrator\Desktop\smartwx-boot\target\classes started by Administrator in C:\Users\Administrator\Desktop\smartwx-boot)
2019-08-15 09:43:09.537  INFO 12920 --- [main] com.wxmp.SmartwxBootApplication          : No active profile set, falling back to default profiles: default
2019-08-15 09:43:09.647  INFO 12920 --- [main] ConfigServletWebServerApplicationContext : Refreshing org.springframework.boot.web.servlet.context.AnnotationConfigServletWebServerApplicationContext@628c4ac0: startup date [Thu Aug 15 09:43:09 CST 2019]; root of context hierarchy
2019-08-15 09:43:11.833  INFO 12920 --- [main] o.s.b.w.embedded.tomcat.TomcatWebServer  : Tomcat initialized with port(s): 80 (http)
2019-08-15 09:43:11.881  INFO 12920 --- [main] o.apache.catalina.core.StandardService   : Starting service [Tomcat]
2019-08-15 09:43:11.881  INFO 12920 --- [main] org.apache.catalina.core.StandardEngine  : Starting Servlet Engine: Apache Tomcat/8.5.31
2019-08-15 09:43:11.892  INFO 12920 --- [localhost-startStop-1] o.a.catalina.core.AprLifecycleListener   : The APR based Apache Tomcat Native library which allows optimal performance in production environments was not found on the java.library.path: [D:\jdk1.8.0_45\bin;C:\Windows\Sun\Java\bin;C:\Windows\system32;C:\Windows;C:\Windows\system32;C:\Windows;C:\Windows\System32\Wbem;C:\Windows\System32\WindowsPowerShell\v1.0\;D:\git\Git\cmd;D:\nodejs\;E:\pdf\wkhtmltopdf\bin;D:\jdk1.8.0_45\bin;D:\apache-maven-3.5.2\bin;D:\git\Git\bin;D:\nodejs;C:\Users\Administrator\AppData\Roaming\npm;E:\MySQL Server 8.0.13\bin;D:\jboss-as-7.1.1.Final\bin;.]
2019-08-15 09:43:12.229  INFO 12920 --- [localhost-startStop-1] o.a.c.c.C.[Tomcat].[localhost].[/]       : Initializing Spring embedded WebApplicationContext
2019-08-15 09:43:12.230  INFO 12920 --- [localhost-startStop-1] o.s.web.context.ContextLoader            : Root WebApplicationContext: initialization completed in 2583 ms
2019-08-15 09:43:12.410  INFO 12920 --- [localhost-startStop-1] o.s.b.w.servlet.ServletRegistrationBean  : Servlet dispatcherServlet mapped to [/]
2019-08-15 09:43:12.416  INFO 12920 --- [localhost-startStop-1] o.s.b.w.servlet.FilterRegistrationBean   : Mapping filter: 'characterEncodingFilter' to: [/*]
2019-08-15 09:43:12.417  INFO 12920 --- [localhost-startStop-1] o.s.b.w.servlet.FilterRegistrationBean   : Mapping filter: 'hiddenHttpMethodFilter' to: [/*]
2019-08-15 09:43:12.418  INFO 12920 --- [localhost-startStop-1] o.s.b.w.servlet.FilterRegistrationBean   : Mapping filter: 'httpPutFormContentFilter' to: [/*]
2019-08-15 09:43:12.418  INFO 12920 --- [localhost-startStop-1] o.s.b.w.servlet.FilterRegistrationBean   : Mapping filter: 'requestContextFilter' to: [/*]
2019-08-15 09:43:13.728  INFO 12920 --- [main] o.s.w.s.handler.SimpleUrlHandlerMapping  : Mapped URL path [/**/favicon.ico] onto handler of type [class org.springframework.web.servlet.resource.ResourceHttpRequestHandler]
2019-08-15 09:43:14.034  INFO 12920 --- [main] s.w.s.m.m.a.RequestMappingHandlerAdapter : Looking for @ControllerAdvice: org.springframework.boot.web.servlet.context.AnnotationConfigServletWebServerApplicationContext@628c4ac0: startup date [Thu Aug 15 09:43:09 CST 2019]; root of context hierarchy
2019-08-15 09:43:14.119  INFO 12920 --- [main] s.w.s.m.m.a.RequestMappingHandlerMapping : Mapped "{[/wxapi/{account}/message],methods=[GET]}" onto public java.lang.String com.wxmp.wxapi.ctrl.WxApiCtrl.doGet(javax.servlet.http.HttpServletRequest,java.lang.String)
2019-08-15 09:43:14.121  INFO 12920 --- [main] s.w.s.m.m.a.RequestMappingHandlerMapping : Mapped "{[/wxapi/{account}/message],methods=[POST]}" onto public java.lang.String com.wxmp.wxapi.ctrl.WxApiCtrl.doPost(javax.servlet.http.HttpServletRequest,java.lang.String,javax.servlet.http.HttpServletResponse)
2019-08-15 09:43:14.121  INFO 12920 --- [main] s.w.s.m.m.a.RequestMappingHandlerMapping : Mapped "{[/wxapi/syncAccountFansList]}" onto public com.wxmp.core.util.AjaxResult com.wxmp.wxapi.ctrl.WxApiCtrl.syncAccountFansList() throws com.wxmp.core.exception.WxErrorException
2019-08-15 09:43:14.121  INFO 12920 --- [main] s.w.s.m.m.a.RequestMappingHandlerMapping : Mapped "{[/wxapi/sendCustomTextMsg],methods=[POST]}" onto public void com.wxmp.wxapi.ctrl.WxApiCtrl.sendCustomTextMsg(javax.servlet.http.HttpServletRequest,javax.servlet.http.HttpServletResponse,java.lang.String) throws com.wxmp.core.exception.WxErrorException
2019-08-15 09:43:14.122  INFO 12920 --- [main] s.w.s.m.m.a.RequestMappingHandlerMapping : Mapped "{[/wxapi/sendTemplateMessage],methods=[POST]}" onto public com.wxmp.core.util.AjaxResult com.wxmp.wxapi.ctrl.WxApiCtrl.sendTemplateMessage(java.lang.String) throws com.wxmp.core.exception.WxErrorException
2019-08-15 09:43:14.122  INFO 12920 --- [main] s.w.s.m.m.a.RequestMappingHandlerMapping : Mapped "{[/wxapi/sendTextMsgByOpenId],methods=[POST]}" onto public com.wxmp.core.util.AjaxResult com.wxmp.wxapi.ctrl.WxApiCtrl.sendTextMsgByOpenId(java.lang.String,java.lang.String) throws com.wxmp.core.exception.WxErrorException
2019-08-15 09:43:14.122  INFO 12920 --- [main] s.w.s.m.m.a.RequestMappingHandlerMapping : Mapped "{[/wxapi/massSendTextByOpenIds],methods=[POST]}" onto public java.lang.String com.wxmp.wxapi.ctrl.WxApiCtrl.massSendTextByOpenIds(java.lang.String,java.lang.String) throws com.wxmp.core.exception.WxErrorException
2019-08-15 09:43:14.123  INFO 12920 --- [main] s.w.s.m.m.a.RequestMappingHandlerMapping : Mapped "{[/wxapi/massSendNewsByOpenIds],methods=[POST]}" onto public java.lang.String com.wxmp.wxapi.ctrl.WxApiCtrl.massSendNewsByOpenIds(java.lang.String,java.lang.String) throws com.wxmp.core.exception.WxErrorException
2019-08-15 09:43:14.123  INFO 12920 --- [main] s.w.s.m.m.a.RequestMappingHandlerMapping : Mapped "{[/wxapi/sendMaterialByOpenIds],methods=[POST]}" onto public java.lang.String com.wxmp.wxapi.ctrl.WxApiCtrl.sendMaterialByOpenIds(java.lang.String,java.lang.String) throws com.wxmp.core.exception.WxErrorException
2019-08-15 09:43:14.123  INFO 12920 --- [main] s.w.s.m.m.a.RequestMappingHandlerMapping : Mapped "{[/wxapi/publishMenu]}" onto public org.springframework.web.servlet.ModelAndView com.wxmp.wxapi.ctrl.WxApiCtrl.publishMenu() throws com.wxmp.core.exception.WxErrorException
2019-08-15 09:43:14.124  INFO 12920 --- [main] s.w.s.m.m.a.RequestMappingHandlerMapping : Mapped "{[/wxapi/deleteMenu]}" onto public org.springframework.web.servlet.ModelAndView com.wxmp.wxapi.ctrl.WxApiCtrl.deleteMenu(javax.servlet.http.HttpServletRequest) throws com.wxmp.core.exception.WxErrorException
2019-08-15 09:43:14.124  INFO 12920 --- [main] s.w.s.m.m.a.RequestMappingHandlerMapping : Mapped "{[/wxapi/syncUserTagList]}" onto public com.wxmp.core.util.AjaxResult com.wxmp.wxapi.ctrl.WxApiCtrl.syncUserTagList() throws com.wxmp.core.exception.WxErrorException
2019-08-15 09:43:14.124  INFO 12920 --- [main] s.w.s.m.m.a.RequestMappingHandlerMapping : Mapped "{[/wxapi/syncAccountFans]}" onto public com.wxmp.core.util.AjaxResult com.wxmp.wxapi.ctrl.WxApiCtrl.syncAccountFans(java.lang.String) throws com.wxmp.core.exception.WxErrorException
2019-08-15 09:43:14.124  INFO 12920 --- [main] s.w.s.m.m.a.RequestMappingHandlerMapping : Mapped "{[/wxapi/syncMaterials]}" onto public com.wxmp.core.util.AjaxResult com.wxmp.wxapi.ctrl.WxApiCtrl.syncMaterials(com.wxmp.wxapi.vo.MaterialArticle) throws com.wxmp.core.exception.WxErrorException
2019-08-15 09:43:14.125  INFO 12920 --- [main] s.w.s.m.m.a.RequestMappingHandlerMapping : Mapped "{[/wxapi/doUploadMaterial]}" onto public org.springframework.web.servlet.ModelAndView com.wxmp.wxapi.ctrl.WxApiCtrl.doUploadMaterial(com.wxmp.wxcms.domain.MsgNews) throws java.lang.Exception
2019-08-15 09:43:14.125  INFO 12920 --- [main] s.w.s.m.m.a.RequestMappingHandlerMapping : Mapped "{[/wxapi/oauthOpenid.html]}" onto public org.springframework.web.servlet.ModelAndView com.wxmp.wxapi.ctrl.WxApiCtrl.oauthOpenid(javax.servlet.http.HttpServletRequest) throws com.wxmp.core.exception.WxErrorException
2019-08-15 09:43:14.125  INFO 12920 --- [main] s.w.s.m.m.a.RequestMappingHandlerMapping : Mapped "{[/wxapi/createQrcode],methods=[POST]}" onto public org.springframework.web.servlet.ModelAndView com.wxmp.wxapi.ctrl.WxApiCtrl.createQrcode(javax.servlet.http.HttpServletRequest,java.lang.Integer) throws com.wxmp.core.exception.WxErrorException
2019-08-15 09:43:14.126  INFO 12920 --- [main] s.w.s.m.m.a.RequestMappingHandlerMapping : Mapped "{[/wxapi/massSendTextMsg],methods=[POST]}" onto public void com.wxmp.wxapi.ctrl.WxApiCtrl.massSendTextMsg(javax.servlet.http.HttpServletResponse,java.lang.String,java.lang.String) throws com.wxmp.core.exception.WxErrorException
2019-08-15 09:43:14.126  INFO 12920 --- [main] s.w.s.m.m.a.RequestMappingHandlerMapping : Mapped "{[/wxapi/wxipay_noity]}" onto public com.wxmp.core.util.wx.HTTPResultXml com.wxmp.wxapi.ctrl.WxApiCtrl.wxipay_noity(java.lang.String)
2019-08-15 09:43:14.126  INFO 12920 --- [main] s.w.s.m.m.a.RequestMappingHandlerMapping : Mapped "{[/wxapi/sendNewsByOpenId],methods=[POST]}" onto public com.wxmp.core.util.AjaxResult com.wxmp.wxapi.ctrl.WxApiCtrl.sendNewsByOpenId(java.lang.String,java.lang.String) throws com.wxmp.core.exception.WxErrorException
2019-08-15 09:43:14.126  INFO 12920 --- [main] s.w.s.m.m.a.RequestMappingHandlerMapping : Mapped "{[/wxapi/batchSendText],methods=[POST]}" onto public java.lang.String com.wxmp.wxapi.ctrl.WxApiCtrl.batchSendText(java.lang.String,java.lang.String) throws com.wxmp.core.exception.WxErrorException
2019-08-15 09:43:14.127  INFO 12920 --- [main] s.w.s.m.m.a.RequestMappingHandlerMapping : Mapped "{[/wxapi/doPublishMenu]}" onto public com.wxmp.core.util.AjaxResult com.wxmp.wxapi.ctrl.WxApiCtrl.doPublishMenu() throws com.wxmp.core.exception.WxErrorException
2019-08-15 09:43:14.127  INFO 12920 --- [main] s.w.s.m.m.a.RequestMappingHandlerMapping : Mapped "{[/wxapi/deletePublicMenu]}" onto public java.lang.String com.wxmp.wxapi.ctrl.WxApiCtrl.deletePublicMenu(javax.servlet.http.HttpServletRequest) throws com.wxmp.core.exception.WxErrorException
2019-08-15 09:43:14.127  INFO 12920 --- [main] s.w.s.m.m.a.RequestMappingHandlerMapping : Mapped "{[/wxapi/dataCube]}" onto public com.wxmp.core.util.AjaxResult com.wxmp.wxapi.ctrl.WxApiCtrl.dataCube(java.lang.String,java.lang.String,java.lang.String) throws com.wxmp.core.exception.WxErrorException
2019-08-15 09:43:14.128  INFO 12920 --- [main] s.w.s.m.m.a.RequestMappingHandlerMapping : Mapped "{[/account/listForPage]}" onto public com.wxmp.core.util.AjaxResult com.wxmp.wxcms.ctrl.AccountCtrl.listForPage(com.wxmp.wxcms.domain.Account)
2019-08-15 09:43:14.128  INFO 12920 --- [main] s.w.s.m.m.a.RequestMappingHandlerMapping : Mapped "{[/account/getById]}" onto public com.wxmp.core.util.AjaxResult com.wxmp.wxcms.ctrl.AccountCtrl.getById(long)
2019-08-15 09:43:14.129  INFO 12920 --- [main] s.w.s.m.m.a.RequestMappingHandlerMapping : Mapped "{[/accountfans/list]}" onto public com.wxmp.core.util.AjaxResult com.wxmp.wxcms.ctrl.AccountFansCtrl.list(com.wxmp.wxcms.domain.AccountFans)
2019-08-15 09:43:14.129  INFO 12920 --- [main] s.w.s.m.m.a.RequestMappingHandlerMapping : Mapped "{[/accountfans/info]}" onto public com.wxmp.core.util.AjaxResult com.wxmp.wxcms.ctrl.AccountFansCtrl.getById(java.lang.String)
2019-08-15 09:43:14.130  INFO 12920 --- [main] s.w.s.m.m.a.RequestMappingHandlerMapping : Mapped "{[/accountmenu/list]}" onto public com.wxmp.core.util.AjaxResult com.wxmp.wxcms.ctrl.AccountMenuCtrl.list(com.wxmp.wxcms.domain.AccountMenu)
2019-08-15 09:43:14.130  INFO 12920 --- [main] s.w.s.m.m.a.RequestMappingHandlerMapping : Mapped "{[/accountmenu/save]}" onto public com.wxmp.core.util.AjaxResult com.wxmp.wxcms.ctrl.AccountMenuCtrl.save(java.lang.String)
2019-08-15 09:43:14.131  INFO 12920 --- [main] s.w.s.m.m.a.RequestMappingHandlerMapping : Mapped "{[/managerImg/list]}" onto public com.wxmp.core.util.AjaxResult com.wxmp.wxcms.ctrl.ImgResourceCtrl.list(com.wxmp.wxcms.domain.ImgResource)
2019-08-15 09:43:14.131  INFO 12920 --- [main] s.w.s.m.m.a.RequestMappingHandlerMapping : Mapped "{[/managerImg/uploadImg]}" onto public com.wxmp.core.util.AjaxResult com.wxmp.wxcms.ctrl.ImgResourceCtrl.saveFile(org.springframework.web.multipart.MultipartFile) throws java.lang.Exception
2019-08-15 09:43:14.131  INFO 12920 --- [main] s.w.s.m.m.a.RequestMappingHandlerMapping : Mapped "{[/managerImg/uploadFile]}" onto public java.util.Map com.wxmp.wxcms.ctrl.ImgResourceCtrl.uploadFile(org.springframework.web.multipart.MultipartFile) throws java.lang.Exception
2019-08-15 09:43:14.132  INFO 12920 --- [main] s.w.s.m.m.a.RequestMappingHandlerMapping : Mapped "{[/managerImg/delMediaImg]}" onto public com.wxmp.core.util.AjaxResult com.wxmp.wxcms.ctrl.ImgResourceCtrl.delMediaImg(java.lang.String) throws java.lang.Exception
2019-08-15 09:43:14.132  INFO 12920 --- [main] s.w.s.m.m.a.RequestMappingHandlerMapping : Mapped "{[/manage/index]}" onto public com.wxmp.core.util.AjaxResult com.wxmp.wxcms.ctrl.IndexCtrl.index()
2019-08-15 09:43:14.133  INFO 12920 --- [main] s.w.s.m.m.a.RequestMappingHandlerMapping : Mapped "{[/mediaFile/list]}" onto public com.wxmp.core.util.AjaxResult com.wxmp.wxcms.ctrl.MediaFilesCtrl.list(com.wxmp.wxcms.domain.MediaFiles)
2019-08-15 09:43:14.133  INFO 12920 --- [main] s.w.s.m.m.a.RequestMappingHandlerMapping : Mapped "{[/mediaFile/uploadFile]}" onto public com.wxmp.core.util.AjaxResult com.wxmp.wxcms.ctrl.MediaFilesCtrl.uploadFile(org.springframework.web.multipart.MultipartFile) throws java.lang.Exception
2019-08-15 09:43:14.134  INFO 12920 --- [main] s.w.s.m.m.a.RequestMappingHandlerMapping : Mapped "{[/mediaFile/addMateria]}" onto public com.wxmp.core.util.AjaxResult com.wxmp.wxcms.ctrl.MediaFilesCtrl.addMateria(org.springframework.web.multipart.MultipartFile,java.lang.String) throws java.lang.Exception
2019-08-15 09:43:14.134  INFO 12920 --- [main] s.w.s.m.m.a.RequestMappingHandlerMapping : Mapped "{[/mediaFile/addVideo]}" onto public com.wxmp.core.util.AjaxResult com.wxmp.wxcms.ctrl.MediaFilesCtrl.addVideo(com.wxmp.wxcms.domain.MediaFiles) throws com.wxmp.core.exception.WxErrorException
2019-08-15 09:43:14.134  INFO 12920 --- [main] s.w.s.m.m.a.RequestMappingHandlerMapping : Mapped "{[/mediaFile/delMediaFile]}" onto public com.wxmp.core.util.AjaxResult com.wxmp.wxcms.ctrl.MediaFilesCtrl.delMediaFile(java.lang.String) throws com.wxmp.core.exception.WxErrorException
2019-08-15 09:43:14.136  INFO 12920 --- [main] s.w.s.m.m.a.RequestMappingHandlerMapping : Mapped "{[/msgnews/list]}" onto public com.wxmp.core.util.AjaxResult com.wxmp.wxcms.ctrl.MsgNewsCtrl.list(com.wxmp.wxcms.domain.MsgNews)
2019-08-15 09:43:14.136  INFO 12920 --- [main] s.w.s.m.m.a.RequestMappingHandlerMapping : Mapped "{[/msgnews/toUpdateSingleNews],methods=[POST]}" onto public com.wxmp.core.util.AjaxResult com.wxmp.wxcms.ctrl.MsgNewsCtrl.toUpdateSingleNews(java.lang.String)
2019-08-15 09:43:14.136  INFO 12920 --- [main] s.w.s.m.m.a.RequestMappingHandlerMapping : Mapped "{[/msgnews/detail]}" onto public com.wxmp.core.util.AjaxResult com.wxmp.wxcms.ctrl.MsgNewsCtrl.getById(java.lang.String)
2019-08-15 09:43:14.136  INFO 12920 --- [main] s.w.s.m.m.a.RequestMappingHandlerMapping : Mapped "{[/msgnews/deleteMaterial],methods=[POST]}" onto public com.wxmp.core.util.AjaxResult com.wxmp.wxcms.ctrl.MsgNewsCtrl.deleteMaterial(java.lang.String) throws com.wxmp.core.exception.WxErrorException
2019-08-15 09:43:14.137  INFO 12920 --- [main] s.w.s.m.m.a.RequestMappingHandlerMapping : Mapped "{[/msgnews/sendNewsMaterial],methods=[POST]}" onto public java.lang.String com.wxmp.wxcms.ctrl.MsgNewsCtrl.sendNewsMaterial(java.lang.String,javax.servlet.http.HttpServletRequest) throws java.lang.Exception
2019-08-15 09:43:14.137  INFO 12920 --- [main] s.w.s.m.m.a.RequestMappingHandlerMapping : Mapped "{[/msgnews/addSingleNews],methods=[POST]}" onto public com.wxmp.core.util.AjaxResult com.wxmp.wxcms.ctrl.MsgNewsCtrl.addSingleNews(com.wxmp.wxcms.domain.MsgNews,javax.servlet.http.HttpServletRequest) throws java.lang.Exception
2019-08-15 09:43:14.137  INFO 12920 --- [main] s.w.s.m.m.a.RequestMappingHandlerMapping : Mapped "{[/msgnews/addMoreNews],methods=[POST]}" onto public com.wxmp.core.util.AjaxResult com.wxmp.wxcms.ctrl.MsgNewsCtrl.addMoreNews(java.lang.String,javax.servlet.http.HttpServletRequest) throws java.lang.Exception
2019-08-15 09:43:14.137  INFO 12920 --- [main] s.w.s.m.m.a.RequestMappingHandlerMapping : Mapped "{[/msgnews/updateSingleNews],methods=[POST]}" onto public com.wxmp.core.util.AjaxResult com.wxmp.wxcms.ctrl.MsgNewsCtrl.updateSingleNews(com.wxmp.wxcms.domain.MsgNews,javax.servlet.http.HttpServletRequest) throws java.lang.Exception
2019-08-15 09:43:14.138  INFO 12920 --- [main] s.w.s.m.m.a.RequestMappingHandlerMapping : Mapped "{[/msgnews/toUpdateMoreNews]}" onto public com.wxmp.core.util.AjaxResult com.wxmp.wxcms.ctrl.MsgNewsCtrl.toUpdateMoreNews(java.lang.String)
2019-08-15 09:43:14.138  INFO 12920 --- [main] s.w.s.m.m.a.RequestMappingHandlerMapping : Mapped "{[/msgnews/updateSubMoreNews],methods=[POST]}" onto public com.wxmp.core.util.AjaxResult com.wxmp.wxcms.ctrl.MsgNewsCtrl.updateMoreNews(java.lang.String,javax.servlet.http.HttpServletRequest) throws java.lang.Exception
2019-08-15 09:43:14.139  INFO 12920 --- [main] s.w.s.m.m.a.RequestMappingHandlerMapping : Mapped "{[/msgtext/list]}" onto public com.wxmp.core.util.AjaxResult com.wxmp.wxcms.ctrl.MsgTextCtrl.list(com.wxmp.wxcms.domain.MsgText) throws com.wxmp.core.exception.BusinessException
2019-08-15 09:43:14.139  INFO 12920 --- [main] s.w.s.m.m.a.RequestMappingHandlerMapping : Mapped "{[/msgtext/getById]}" onto public com.wxmp.core.util.AjaxResult com.wxmp.wxcms.ctrl.MsgTextCtrl.getById(java.lang.String)
2019-08-15 09:43:14.139  INFO 12920 --- [main] s.w.s.m.m.a.RequestMappingHandlerMapping : Mapped "{[/msgtext/deleteById]}" onto public com.wxmp.core.util.AjaxResult com.wxmp.wxcms.ctrl.MsgTextCtrl.deleteById(java.lang.String)
2019-08-15 09:43:14.140  INFO 12920 --- [main] s.w.s.m.m.a.RequestMappingHandlerMapping : Mapped "{[/msgtext/updateText]}" onto public com.wxmp.core.util.AjaxResult com.wxmp.wxcms.ctrl.MsgTextCtrl.updateText(com.wxmp.wxcms.domain.MsgText)
2019-08-15 09:43:14.140  INFO 12920 --- [main] s.w.s.m.m.a.RequestMappingHandlerMapping : Mapped "{[/user/logout]}" onto public com.wxmp.core.util.AjaxResult com.wxmp.wxcms.ctrl.SysUserCtrl.logout(javax.servlet.http.HttpServletRequest)
2019-08-15 09:43:14.140  INFO 12920 --- [main] s.w.s.m.m.a.RequestMappingHandlerMapping : Mapped "{[/user/updatepwd],methods=[POST]}" onto public com.wxmp.core.util.AjaxResult com.wxmp.wxcms.ctrl.SysUserCtrl.updatepwd(com.wxmp.wxcms.domain.SysUser)
2019-08-15 09:43:14.141  INFO 12920 --- [main] s.w.s.m.m.a.RequestMappingHandlerMapping : Mapped "{[/user/login],methods=[POST]}" onto public com.wxmp.core.util.AjaxResult com.wxmp.wxcms.ctrl.SysUserCtrl.login(com.wxmp.wxcms.domain.SysUser)
2019-08-15 09:43:14.141  INFO 12920 --- [main] s.w.s.m.m.a.RequestMappingHandlerMapping : Mapped "{[/test/index]}" onto public com.wxmp.core.util.AjaxResult com.wxmp.wxcms.ctrl.TestCtl.index()
2019-08-15 09:43:14.142  INFO 12920 --- [main] s.w.s.m.m.a.RequestMappingHandlerMapping : Mapped "{[/tplmsgtext/list]}" onto public com.wxmp.core.util.AjaxResult com.wxmp.wxcms.ctrl.TplMsgTextCtrl.list(com.wxmp.wxcms.domain.TplMsgText) throws com.wxmp.core.exception.BusinessException
2019-08-15 09:43:14.142  INFO 12920 --- [main] s.w.s.m.m.a.RequestMappingHandlerMapping : Mapped "{[/tplmsgtext/getById]}" onto public com.wxmp.core.util.AjaxResult com.wxmp.wxcms.ctrl.TplMsgTextCtrl.getById(java.lang.String)
2019-08-15 09:43:14.142  INFO 12920 --- [main] s.w.s.m.m.a.RequestMappingHandlerMapping : Mapped "{[/tplmsgtext/deleteById]}" onto public com.wxmp.core.util.AjaxResult com.wxmp.wxcms.ctrl.TplMsgTextCtrl.deleteById(java.lang.String)
2019-08-15 09:43:14.142  INFO 12920 --- [main] s.w.s.m.m.a.RequestMappingHandlerMapping : Mapped "{[/tplmsgtext/updateText]}" onto public com.wxmp.core.util.AjaxResult com.wxmp.wxcms.ctrl.TplMsgTextCtrl.updateText(com.wxmp.wxcms.domain.TplMsgText)
2019-08-15 09:43:14.144  INFO 12920 --- [main] s.w.s.m.m.a.RequestMappingHandlerMapping : Mapped "{[/userTag/update]}" onto public com.wxmp.core.util.AjaxResult com.wxmp.wxcms.ctrl.UserTagCtrl.update(com.wxmp.wxcms.domain.UserTag) throws com.wxmp.core.exception.WxErrorException
2019-08-15 09:43:14.144  INFO 12920 --- [main] s.w.s.m.m.a.RequestMappingHandlerMapping : Mapped "{[/userTag/listForPage]}" onto public com.wxmp.core.util.AjaxResult com.wxmp.wxcms.ctrl.UserTagCtrl.listForPage(com.wxmp.wxcms.domain.UserTag)
2019-08-15 09:43:14.144  INFO 12920 --- [main] s.w.s.m.m.a.RequestMappingHandlerMapping : Mapped "{[/userTag/getById]}" onto public com.wxmp.core.util.AjaxResult com.wxmp.wxcms.ctrl.UserTagCtrl.getById(java.lang.Integer)
2019-08-15 09:43:14.145  INFO 12920 --- [main] s.w.s.m.m.a.RequestMappingHandlerMapping : Mapped "{[/userTag/getUserListByTag]}" onto public com.wxmp.core.util.AjaxResult com.wxmp.wxcms.ctrl.UserTagCtrl.getUserListByTag(java.lang.Integer) throws com.wxmp.core.exception.WxErrorException
2019-08-15 09:43:14.145  INFO 12920 --- [main] s.w.s.m.m.a.RequestMappingHandlerMapping : Mapped "{[/userTag/deleteById]}" onto public com.wxmp.core.util.AjaxResult com.wxmp.wxcms.ctrl.UserTagCtrl.deleteById(com.wxmp.wxcms.domain.UserTag)
2019-08-15 09:43:14.145  INFO 12920 --- [main] s.w.s.m.m.a.RequestMappingHandlerMapping : Mapped "{[/userTag/deleteBatchIds]}" onto public com.wxmp.core.util.AjaxResult com.wxmp.wxcms.ctrl.UserTagCtrl.deleteBatchIds(java.lang.String[])
2019-08-15 09:43:14.147  INFO 12920 --- [main] s.w.s.m.m.a.RequestMappingHandlerMapping : Mapped "{[/wxcms/main]}" onto public org.springframework.web.servlet.ModelAndView com.wxmp.wxcms.ctrl.WxCmsCtrl.main(java.lang.String,javax.servlet.http.HttpSession)
2019-08-15 09:43:14.147  INFO 12920 --- [main] s.w.s.m.m.a.RequestMappingHandlerMapping : Mapped "{[/wxcms/getUrl]}" onto public com.wxmp.core.util.AjaxResult com.wxmp.wxcms.ctrl.WxCmsCtrl.getUrl(com.wxmp.wxcms.domain.Account)
2019-08-15 09:43:14.147  INFO 12920 --- [main] s.w.s.m.m.a.RequestMappingHandlerMapping : Mapped "{[/wxcms/qrcode]}" onto public org.springframework.web.servlet.ModelAndView com.wxmp.wxcms.ctrl.WxCmsCtrl.qrcode(javax.servlet.http.HttpServletRequest)
2019-08-15 09:43:14.147  INFO 12920 --- [main] s.w.s.m.m.a.RequestMappingHandlerMapping : Mapped "{[/wxcms/saveFile]}" onto public void com.wxmp.wxcms.ctrl.WxCmsCtrl.saveFile(org.springframework.web.multipart.MultipartFile,javax.servlet.http.HttpServletRequest,javax.servlet.http.HttpServletResponse) throws java.lang.Exception
2019-08-15 09:43:14.148  INFO 12920 --- [main] s.w.s.m.m.a.RequestMappingHandlerMapping : Mapped "{[/wxcms/ckeditorImage]}" onto public void com.wxmp.wxcms.ctrl.WxCmsCtrl.ckeditorImage(javax.servlet.http.HttpServletRequest,javax.servlet.http.HttpServletResponse,org.springframework.web.multipart.MultipartFile)
2019-08-15 09:43:14.148  INFO 12920 --- [main] s.w.s.m.m.a.RequestMappingHandlerMapping : Mapped "{[/wxcms/urltoken]}" onto public com.wxmp.core.util.AjaxResult com.wxmp.wxcms.ctrl.WxCmsCtrl.urltoken()
2019-08-15 09:43:14.148  INFO 12920 --- [main] s.w.s.m.m.a.RequestMappingHandlerMapping : Mapped "{[/wxcms/toUploadMaterial]}" onto public org.springframework.web.servlet.ModelAndView com.wxmp.wxcms.ctrl.WxCmsCtrl.toUploadMaterial(java.lang.String[])
2019-08-15 09:43:14.148  INFO 12920 --- [main] s.w.s.m.m.a.RequestMappingHandlerMapping : Mapped "{[/wxcms/sendMsg]}" onto public org.springframework.web.servlet.ModelAndView com.wxmp.wxcms.ctrl.WxCmsCtrl.sendMsg(javax.servlet.http.HttpServletRequest)
2019-08-15 09:43:14.148  INFO 12920 --- [main] s.w.s.m.m.a.RequestMappingHandlerMapping : Mapped "{[/wxcms/oauthInterceptor]}" onto public org.springframework.web.servlet.ModelAndView com.wxmp.wxcms.ctrl.WxCmsCtrl.oauthInterceptor(javax.servlet.http.HttpServletRequest)
2019-08-15 09:43:14.149  INFO 12920 --- [main] s.w.s.m.m.a.RequestMappingHandlerMapping : Mapped "{[/wxcms/jssdk]}" onto public org.springframework.web.servlet.ModelAndView com.wxmp.wxcms.ctrl.WxCmsCtrl.jssdk(javax.servlet.http.HttpServletRequest)
2019-08-15 09:43:14.149  INFO 12920 --- [main] s.w.s.m.m.a.RequestMappingHandlerMapping : Mapped "{[/wxcms/weui]}" onto public org.springframework.web.servlet.ModelAndView com.wxmp.wxcms.ctrl.WxCmsCtrl.weui(javax.servlet.http.HttpServletRequest)
2019-08-15 09:43:14.154  INFO 12920 --- [main] s.w.s.m.m.a.RequestMappingHandlerMapping : Mapped "{[/moreway],methods=[GET]}" onto public java.lang.String com.wxmp.wxmoreway.controller.MorewayUserController.register(javax.servlet.http.HttpServletRequest,javax.servlet.http.HttpServletResponse)
2019-08-15 09:43:14.155  INFO 12920 --- [main] s.w.s.m.m.a.RequestMappingHandlerMapping : Mapped "{[/moreway/notify]}" onto public java.lang.String com.wxmp.wxmoreway.controller.MorewayUserController.notify(javax.servlet.http.HttpServletRequest,javax.servlet.http.HttpServletResponse)
2019-08-15 09:43:14.155  INFO 12920 --- [main] s.w.s.m.m.a.RequestMappingHandlerMapping : Mapped "{[/moreway/v1/getUserInfo],methods=[GET]}" onto public java.lang.String com.wxmp.wxmoreway.controller.MorewayUserController.getUserInfo(java.lang.String,java.lang.String,java.lang.String,org.springframework.ui.Model)
2019-08-15 09:43:14.155  INFO 12920 --- [main] s.w.s.m.m.a.RequestMappingHandlerMapping : Mapped "{[/moreway/v1/sort],methods=[GET]}" onto public java.lang.String com.wxmp.wxmoreway.controller.MorewayUserController.sort(java.lang.String,java.lang.String,java.lang.String,java.lang.String,javax.servlet.http.HttpServletRequest)
2019-08-15 09:43:14.155  INFO 12920 --- [main] s.w.s.m.m.a.RequestMappingHandlerMapping : Mapped "{[/moreway/v1/ticket],methods=[GET]}" onto public java.util.Map com.wxmp.wxmoreway.controller.MorewayUserController.ticket(java.lang.String)
2019-08-15 09:43:14.155  INFO 12920 --- [main] s.w.s.m.m.a.RequestMappingHandlerMapping : Mapped "{[/moreway/v1/sendMsg],methods=[GET]}" onto public com.wxmp.wxmoreway.model.CurrencyResult com.wxmp.wxmoreway.controller.MorewayUserController.sendMsg(java.lang.String,javax.servlet.http.HttpServletResponse)
2019-08-15 09:43:14.156  INFO 12920 --- [main] s.w.s.m.m.a.RequestMappingHandlerMapping : Mapped "{[/moreway/kj],methods=[GET]}" onto public java.lang.String com.wxmp.wxmoreway.controller.MorewayUserController.kj(javax.servlet.http.HttpServletRequest,javax.servlet.http.HttpServletResponse,org.springframework.ui.Model)
2019-08-15 09:43:14.156  INFO 12920 --- [main] s.w.s.m.m.a.RequestMappingHandlerMapping : Mapped "{[/moreway/loca],methods=[GET]}" onto public java.lang.String com.wxmp.wxmoreway.controller.MorewayUserController.loca(javax.servlet.http.HttpServletRequest,javax.servlet.http.HttpServletResponse,org.springframework.ui.Model)
2019-08-15 09:43:14.156  INFO 12920 --- [main] s.w.s.m.m.a.RequestMappingHandlerMapping : Mapped "{[/moreway/wxpay],methods=[POST]}" onto public java.util.Map com.wxmp.wxmoreway.controller.MorewayUserController.wxpay(float,javax.servlet.http.HttpServletRequest,javax.servlet.http.HttpServletResponse)
2019-08-15 09:43:14.156  INFO 12920 --- [main] s.w.s.m.m.a.RequestMappingHandlerMapping : Mapped "{[/moreway/v1],methods=[GET]}" onto public java.lang.String com.wxmp.wxmoreway.controller.MorewayUserController.getOAuthCodeUrl(java.lang.String,javax.servlet.http.HttpServletResponse) throws java.io.IOException
2019-08-15 09:43:14.157  INFO 12920 --- [main] s.w.s.m.m.a.RequestMappingHandlerMapping : Mapped "{[/moreway/v1/userAdd],methods=[POST]}" onto public com.wxmp.wxmoreway.model.CurrencyResult com.wxmp.wxmoreway.controller.MorewayUserController.userAdd(com.wxmp.wxmoreway.domain.MorewayUser,javax.servlet.http.HttpServletRequest)
2019-08-15 09:43:14.157  INFO 12920 --- [main] s.w.s.m.m.a.RequestMappingHandlerMapping : Mapped "{[/moreway/paySuccess],methods=[GET]}" onto public java.lang.String com.wxmp.wxmoreway.controller.MorewayUserController.paySuccess(javax.servlet.http.HttpServletRequest,javax.servlet.http.HttpServletResponse)
2019-08-15 09:43:14.157  INFO 12920 --- [main] s.w.s.m.m.a.RequestMappingHandlerMapping : Mapped "{[/moreway/registerSuccess],methods=[GET]}" onto public java.lang.String com.wxmp.wxmoreway.controller.MorewayUserController.registerSuccess(javax.servlet.http.HttpServletRequest,javax.servlet.http.HttpServletResponse,org.springframework.ui.Model)
2019-08-15 09:43:14.158  INFO 12920 --- [main] s.w.s.m.m.a.RequestMappingHandlerMapping : Mapped "{[/staticHtml/index],methods=[GET]}" onto public java.lang.String com.wxmp.wxmoreway.controller.StaticHtmlController.index(javax.servlet.http.HttpServletRequest,javax.servlet.http.HttpServletResponse)
2019-08-15 09:43:14.159  INFO 12920 --- [main] s.w.s.m.m.a.RequestMappingHandlerMapping : Mapped "{[/staticHtml/news],methods=[GET]}" onto public java.lang.String com.wxmp.wxmoreway.controller.StaticHtmlController.news(javax.servlet.http.HttpServletRequest,javax.servlet.http.HttpServletResponse)
2019-08-15 09:43:14.159  INFO 12920 --- [main] s.w.s.m.m.a.RequestMappingHandlerMapping : Mapped "{[/staticHtml/aboutOurs],methods=[GET]}" onto public java.lang.String com.wxmp.wxmoreway.controller.StaticHtmlController.aboutOurs(javax.servlet.http.HttpServletRequest,javax.servlet.http.HttpServletResponse)
2019-08-15 09:43:14.159  INFO 12920 --- [main] s.w.s.m.m.a.RequestMappingHandlerMapping : Mapped "{[/staticHtml/programmeCentre],methods=[GET]}" onto public java.lang.String com.wxmp.wxmoreway.controller.StaticHtmlController.programmeCentre(javax.servlet.http.HttpServletRequest,javax.servlet.http.HttpServletResponse)
2019-08-15 09:43:14.161  INFO 12920 --- [main] s.w.s.m.m.a.RequestMappingHandlerMapping : Mapped "{[/error]}" onto public org.springframework.http.ResponseEntity<java.util.Map<java.lang.String, java.lang.Object>> org.springframework.boot.autoconfigure.web.servlet.error.BasicErrorController.error(javax.servlet.http.HttpServletRequest)
2019-08-15 09:43:14.162  INFO 12920 --- [main] s.w.s.m.m.a.RequestMappingHandlerMapping : Mapped "{[/error],produces=[text/html]}" onto public org.springframework.web.servlet.ModelAndView org.springframework.boot.autoconfigure.web.servlet.error.BasicErrorController.errorHtml(javax.servlet.http.HttpServletRequest,javax.servlet.http.HttpServletResponse)
2019-08-15 09:43:14.177  INFO 12920 --- [main] o.s.w.s.handler.SimpleUrlHandlerMapping  : Root mapping to handler of type [class org.springframework.web.servlet.mvc.ParameterizableViewController]
2019-08-15 09:43:14.196  INFO 12920 --- [main] o.s.w.s.handler.SimpleUrlHandlerMapping  : Mapped URL path [/webjars/**] onto handler of type [class org.springframework.web.servlet.resource.ResourceHttpRequestHandler]
2019-08-15 09:43:14.196  INFO 12920 --- [main] o.s.w.s.handler.SimpleUrlHandlerMapping  : Mapped URL path [/**] onto handler of type [class org.springframework.web.servlet.resource.ResourceHttpRequestHandler]
2019-08-15 09:43:14.223  INFO 12920 --- [main] .m.m.a.ExceptionHandlerExceptionResolver : Detected @ExceptionHandler methods in exceptionHolder
2019-08-15 09:43:14.292  WARN 12920 --- [main] org.thymeleaf.templatemode.TemplateMode  : [THYMELEAF][main] Template Mode 'HTML5' is deprecated. Using Template Mode 'HTML' instead.
2019-08-15 09:43:14.368  INFO 12920 --- [main] o.s.b.a.w.s.WelcomePageHandlerMapping    : Adding welcome page: class path resource [static/index.html]
2019-08-15 09:43:14.816  INFO 12920 --- [main] o.s.j.e.a.AnnotationMBeanExporter        : Registering beans for JMX exposure on startup
2019-08-15 09:43:14.818  INFO 12920 --- [main] o.s.j.e.a.AnnotationMBeanExporter        : Bean with name 'dataSource' has been autodetected for JMX exposure
2019-08-15 09:43:14.826  INFO 12920 --- [main] o.s.j.e.a.AnnotationMBeanExporter        : Located MBean 'dataSource': registering with JMX server as MBean [com.alibaba.druid.pool:name=dataSource,type=DruidDataSource]
2019-08-15 09:43:14.878  INFO 12920 --- [main] o.s.b.w.embedded.tomcat.TomcatWebServer  : Tomcat started on port(s): 80 (http) with context path ''
2019-08-15 09:43:14.884  INFO 12920 --- [main] com.wxmp.SmartwxBootApplication          : Started SmartwxBootApplication in 6.352 seconds (JVM running for 12.609)
2019-08-15 09:43:14.945  INFO 12920 --- [main] com.alibaba.druid.pool.DruidDataSource   : {dataSource-1} inited
2019-08-15 10:02:16.200  INFO 12920 --- [Thread-16] ConfigServletWebServerApplicationContext : Closing org.springframework.boot.web.servlet.context.AnnotationConfigServletWebServerApplicationContext@628c4ac0: startup date [Thu Aug 15 09:43:09 CST 2019]; root of context hierarchy
2019-08-15 10:02:16.211  INFO 12920 --- [Thread-16] o.s.j.e.a.AnnotationMBeanExporter        : Unregistering JMX-exposed beans on shutdown
2019-08-15 10:02:16.213  INFO 12920 --- [Thread-16] o.s.j.e.a.AnnotationMBeanExporter        : Unregistering JMX-exposed beans
2019-08-15 10:02:16.222  INFO 12920 --- [Thread-16] com.alibaba.druid.pool.DruidDataSource   : {dataSource-1} closed
